<?xml version="1.0" encoding="UTF-8"?>
<!-- Generated by org.testng.reporters.JUnitReportReporter -->
<testsuite hostname="INT-QECORE-075" failures="0" tests="1" name="tests.PageLoadPerformanceTest" time="7.647" errors="0" timestamp="2025-04-09T17:47:56 IST" skipped="0">
  <testcase classname="tests.PageLoadPerformanceTest" name="testPageLoadPerformance" time="7.647"/>
  <system-out/>
</testsuite> <!-- tests.PageLoadPerformanceTest -->
