<?xml version="1.0" encoding="UTF-8"?>
<!-- Generated by org.testng.reporters.JUnitReportReporter -->
<testsuite hostname="INT-QECORE-075" failures="0" tests="1" name="tests.DynamicElementsAjaxTest" time="14.267" errors="0" timestamp="2025-04-09T18:06:41 IST" skipped="0">
  <testcase classname="tests.DynamicElementsAjaxTest" name="testDynamicAjaxLoading" time="14.267"/>
  <system-out/>
</testsuite> <!-- tests.DynamicElementsAjaxTest -->
