<?xml version="1.0" encoding="UTF-8"?>
<!-- Generated by org.testng.reporters.JUnitReportReporter -->
<testsuite hostname="INT-QECORE-075" failures="0" tests="1" name="tests.ResponsiveUITest" time="13.423" errors="0" timestamp="2025-04-09T15:52:54 IST" skipped="0">
  <testcase classname="tests.ResponsiveUITest" name="verifyResponsiveUI" time="13.423"/>
  <system-out/>
</testsuite> <!-- tests.ResponsiveUITest -->
