<?xml version="1.0" encoding="UTF-8"?>
<!-- Generated by org.testng.reporters.JUnitReportReporter -->
<testsuite hostname="INT-QECORE-075" failures="0" tests="1" name="tests.BrokenLinkImageTest" time="10.799" errors="0" timestamp="2025-04-09T13:03:47 IST" skipped="0">
  <testcase classname="tests.BrokenLinkImageTest" name="checkBrokenLinksAndImages" time="10.799"/>
  <system-out/>
</testsuite> <!-- tests.BrokenLinkImageTest -->
